<?xml version="1.0" encoding="UTF-8"?>
<!-- Generated by org.testng.reporters.JUnitReportReporter -->
<testsuite hostname="Ravindrakumar-PC" name="Test_Scripts_IndiaLends.CC_RBLLenderScript" tests="2" failures="0" timestamp="27 Nov 2019 13:24:59 GMT" time="45.346" errors="0">
  <testcase name="CC_BasicDetailsPage" time="35.275" classname="Test_Scripts_IndiaLends.CC_RBLLenderScript"/>
  <testcase name="CC_Eligibility_check" time="10.071" classname="Test_Scripts_IndiaLends.CC_RBLLenderScript"/>
</testsuite> <!-- Test_Scripts_IndiaLends.CC_RBLLenderScript -->
