<?xml version="1.0" encoding="UTF-8"?>
<!-- Generated by org.testng.reporters.JUnitReportReporter -->
<testsuite hostname="Ravindrakumar-PC" name="Scrrenshot" tests="1" failures="0" timestamp="3 Jan 2020 10:13:48 GMT" time="21.649" errors="0">
  <testcase name="TakeScreenShot" time="21.649" classname="Scrrenshot"/>
</testsuite> <!-- Scrrenshot -->
