<?xml version="1.0" encoding="UTF-8"?>
<!-- Generated by org.testng.reporters.JUnitReportReporter -->
<testsuite hostname="Ravindrakumar-PC" name="Test_Scripts_IndiaLends.HDFC_CCGenericScript" tests="4" failures="0" timestamp="10 May 2019 13:33:30 GMT" time="65.245" errors="0">
  <testcase name="CC_Eligibility_check" time="10.747" classname="Test_Scripts_IndiaLends.HDFC_CCGenericScript"/>
  <testcase name="CC_BasicDetailsPage" time="34.315" classname="Test_Scripts_IndiaLends.HDFC_CCGenericScript"/>
  <testcase name="CC_general_information" time="10.120" classname="Test_Scripts_IndiaLends.HDFC_CCGenericScript"/>
  <testcase name="CC_contact_Details" time="10.063" classname="Test_Scripts_IndiaLends.HDFC_CCGenericScript"/>
</testsuite> <!-- Test_Scripts_IndiaLends.HDFC_CCGenericScript -->
