<?xml version="1.0" encoding="UTF-8"?>
<!-- Generated by org.testng.reporters.JUnitReportReporter -->
<testsuite hostname="Ravindrakumar-PC" name="Test_Scripts_IndiaLends.CC_YESLenderscript" tests="4" failures="0" timestamp="3 Dec 2019 12:57:45 GMT" time="98.894" errors="0">
  <testcase name="CCBasicDetailsPage" time="38.979" classname="Test_Scripts_IndiaLends.CC_YESLenderscript"/>
  <testcase name="CC_Eligibility_check" time="33.133" classname="Test_Scripts_IndiaLends.CC_YESLenderscript"/>
  <testcase name="CC_contact_Details" time="17.908" classname="Test_Scripts_IndiaLends.CC_YESLenderscript"/>
  <testcase name="CC_general_information" time="8.874" classname="Test_Scripts_IndiaLends.CC_YESLenderscript"/>
</testsuite> <!-- Test_Scripts_IndiaLends.CC_YESLenderscript -->
