<?xml version="1.0" encoding="UTF-8"?>
<!-- Generated by org.testng.reporters.JUnitReportReporter -->
<testsuite hostname="Ravindrakumar-PC" name="Test_Scripts_IndiaLends.CC_AMEXLenderScript" tests="4" failures="0" timestamp="27 Dec 2019 07:49:11 GMT" time="86.742" errors="0">
  <testcase name="CC_general_information" time="3.770" classname="Test_Scripts_IndiaLends.CC_AMEXLenderScript"/>
  <testcase name="CC_BasicDetailsPage" time="29.923" classname="Test_Scripts_IndiaLends.CC_AMEXLenderScript"/>
  <testcase name="CC_contact_Details" time="19.276" classname="Test_Scripts_IndiaLends.CC_AMEXLenderScript"/>
  <testcase name="CC_Eligibility_check" time="33.773" classname="Test_Scripts_IndiaLends.CC_AMEXLenderScript"/>
</testsuite> <!-- Test_Scripts_IndiaLends.CC_AMEXLenderScript -->
