<?xml version="1.0" encoding="UTF-8"?>
<!-- Generated by org.testng.reporters.JUnitReportReporter -->
<testsuite hostname="Ravindrakumar-PC" name="Test_Scripts_IndiaLends.CC_ICICILenderScript" tests="4" failures="0" timestamp="20 Dec 2019 07:45:46 GMT" time="65.907" errors="0">
  <testcase name="CC_contact_Details" time="11.035" classname="Test_Scripts_IndiaLends.CC_ICICILenderScript"/>
  <testcase name="CC_general_information" time="10.130" classname="Test_Scripts_IndiaLends.CC_ICICILenderScript"/>
  <testcase name="CC_BasicDetailsPage" time="34.609" classname="Test_Scripts_IndiaLends.CC_ICICILenderScript"/>
  <testcase name="CC_Eligibility_check" time="10.133" classname="Test_Scripts_IndiaLends.CC_ICICILenderScript"/>
</testsuite> <!-- Test_Scripts_IndiaLends.CC_ICICILenderScript -->
