<?xml version="1.0" encoding="UTF-8"?>
<!-- Generated by org.testng.reporters.JUnitReportReporter -->
<testsuite hostname="Ravindrakumar-PC" name="Test_Scripts_IndiaLends.GoldLoan_Script" tests="1" failures="0" timestamp="27 Dec 2019 07:50:16 GMT" time="36.927" errors="0">
  <testcase name="VerifygoldloanBasicDetails" time="36.927" classname="Test_Scripts_IndiaLends.GoldLoan_Script"/>
</testsuite> <!-- Test_Scripts_IndiaLends.GoldLoan_Script -->
