<?xml version="1.0" encoding="UTF-8"?>
<!-- Generated by org.testng.reporters.JUnitReportReporter -->
<testsuite hostname="Ravindrakumar-PC" name="Test_Scripts_IndiaLends.Blob_Script" tests="1" failures="0" timestamp="10 Oct 2019 10:48:08 GMT" time="21.032" errors="0">
  <testcase name="VerifyBasicDetails" time="21.032" classname="Test_Scripts_IndiaLends.Blob_Script"/>
</testsuite> <!-- Test_Scripts_IndiaLends.Blob_Script -->
