<?xml version="1.0" encoding="UTF-8"?>
<!-- Generated by org.testng.reporters.JUnitReportReporter -->
<testsuite hostname="Ravindrakumar-PC" name="Test_Scripts_IndiaLends.CC_RBLLender_Script" tests="2" failures="0" timestamp="19 Jul 2019 13:56:51 GMT" time="42.238" errors="0">
  <testcase name="CC_Eligibility_check" time="10.086" classname="Test_Scripts_IndiaLends.CC_RBLLender_Script"/>
  <testcase name="CC_BasicDetailsPage" time="32.152" classname="Test_Scripts_IndiaLends.CC_RBLLender_Script"/>
</testsuite> <!-- Test_Scripts_IndiaLends.CC_RBLLender_Script -->
