<?xml version="1.0" encoding="UTF-8"?>
<!-- Generated by org.testng.reporters.JUnitReportReporter -->
<testsuite hostname="Ravindrakumar-PC" name="CITICreditcard" tests="5" failures="0" timestamp="21 Jan 2019 13:14:22 GMT" time="104.715" errors="0">
  <testcase name="verify_PL_Form" time="16.418" classname="CITICreditcard"/>
  <testcase name="general_Information" time="20.265" classname="CITICreditcard"/>
  <testcase name="verify_OTP" time="12.305" classname="CITICreditcard"/>
  <testcase name="check_Eligibility" time="37.841" classname="CITICreditcard"/>
  <testcase name="contact_Details" time="17.886" classname="CITICreditcard"/>
</testsuite> <!-- CITICreditcard -->
