<?xml version="1.0" encoding="UTF-8"?>
<!-- Generated by org.testng.reporters.JUnitReportReporter -->
<testsuite hostname="Ravindrakumar-PC" name="Test_Scripts_IndiaLends.Amex_CCGenericScript" tests="4" failures="0" timestamp="24 Jul 2019 13:20:34 GMT" time="55.459" errors="0">
  <testcase name="CC_Eligibility_check" time="4.543" classname="Test_Scripts_IndiaLends.Amex_CCGenericScript"/>
  <testcase name="CC_BasicDetailsPage" time="26.752" classname="Test_Scripts_IndiaLends.Amex_CCGenericScript"/>
  <testcase name="CC_general_information" time="10.093" classname="Test_Scripts_IndiaLends.Amex_CCGenericScript"/>
  <testcase name="CC_contact_Details" time="14.071" classname="Test_Scripts_IndiaLends.Amex_CCGenericScript"/>
</testsuite> <!-- Test_Scripts_IndiaLends.Amex_CCGenericScript -->
