<?xml version="1.0" encoding="UTF-8"?>
<!-- Generated by org.testng.reporters.JUnitReportReporter -->
<testsuite hostname="Ravindrakumar-PC" name="Test_Scripts_IndiaLends.CITI_CCGenericScript" tests="4" failures="0" timestamp="15 Jul 2019 11:51:00 GMT" time="65.461" errors="0">
  <testcase name="CC_BasicDetailsPage" time="35.177" classname="Test_Scripts_IndiaLends.CITI_CCGenericScript"/>
  <testcase name="CC_Eligibility_check" time="10.166" classname="Test_Scripts_IndiaLends.CITI_CCGenericScript"/>
  <testcase name="CC_contact_Details" time="10.070" classname="Test_Scripts_IndiaLends.CITI_CCGenericScript"/>
  <testcase name="CC_general_information" time="10.048" classname="Test_Scripts_IndiaLends.CITI_CCGenericScript"/>
</testsuite> <!-- Test_Scripts_IndiaLends.CITI_CCGenericScript -->
