<?xml version="1.0" encoding="UTF-8"?>
<!-- Generated by org.testng.reporters.JUnitReportReporter -->
<testsuite hostname="Ravindrakumar-PC" name="Test_Scripts_IndiaLends.SBI_CCGenericscript" tests="4" failures="0" timestamp="29 Aug 2019 05:50:45 GMT" time="92.297" errors="0">
  <testcase name="CC_Eligibility_check" time="33.022" classname="Test_Scripts_IndiaLends.SBI_CCGenericscript"/>
  <testcase name="CC_contact_Details" time="3.963" classname="Test_Scripts_IndiaLends.SBI_CCGenericscript"/>
  <testcase name="CC_general_information" time="10.793" classname="Test_Scripts_IndiaLends.SBI_CCGenericscript"/>
  <testcase name="CC_BasicDetailsPage" time="44.519" classname="Test_Scripts_IndiaLends.SBI_CCGenericscript"/>
</testsuite> <!-- Test_Scripts_IndiaLends.SBI_CCGenericscript -->
