<?xml version="1.0" encoding="UTF-8"?>
<!-- Generated by org.testng.reporters.JUnitReportReporter -->
<testsuite hostname="Ravindrakumar-PC" name="Test_Scripts_IndiaLends.CC_HDFCLenderScript" tests="4" failures="0" timestamp="27 Nov 2019 12:10:53 GMT" time="91.855" errors="0">
  <testcase name="CC_Eligibility_check" time="10.052" classname="Test_Scripts_IndiaLends.CC_HDFCLenderScript"/>
  <testcase name="CC_BasicDetailsPage" time="31.956" classname="Test_Scripts_IndiaLends.CC_HDFCLenderScript"/>
  <testcase name="CC_contact_Details" time="11.058" classname="Test_Scripts_IndiaLends.CC_HDFCLenderScript"/>
  <testcase name="CC_general_information" time="38.789" classname="Test_Scripts_IndiaLends.CC_HDFCLenderScript"/>
</testsuite> <!-- Test_Scripts_IndiaLends.CC_HDFCLenderScript -->
