<?xml version="1.0" encoding="UTF-8"?>
<!-- Generated by org.testng.reporters.JUnitReportReporter -->
<testsuite hostname="Ravindrakumar-PC" name="Test_Scripts_IndiaLends.CC_SBIGenericScript" tests="4" failures="0" timestamp="18 Oct 2019 12:44:29 GMT" time="78.168" errors="0">
  <testcase name="CC_Eligibility_check" time="21.621" classname="Test_Scripts_IndiaLends.CC_SBIGenericScript"/>
  <testcase name="CC_BasicDetailsPage" time="31.457" classname="Test_Scripts_IndiaLends.CC_SBIGenericScript"/>
  <testcase name="CC_general_information" time="13.057" classname="Test_Scripts_IndiaLends.CC_SBIGenericScript"/>
  <testcase name="CC_contact_Details" time="12.033" classname="Test_Scripts_IndiaLends.CC_SBIGenericScript"/>
</testsuite> <!-- Test_Scripts_IndiaLends.CC_SBIGenericScript -->
