<?xml version="1.0" encoding="UTF-8"?>
<!-- Generated by org.testng.reporters.JUnitReportReporter -->
<testsuite hostname="Ravindrakumar-PC" name="Test_Scripts_IndiaLends.ICICI_CCGenericScript" tests="4" failures="0" timestamp="10 May 2019 12:56:35 GMT" time="63.236" errors="0">
  <testcase name="CC_contact_Details" time="10.236" classname="Test_Scripts_IndiaLends.ICICI_CCGenericScript"/>
  <testcase name="CC_general_information" time="8.582" classname="Test_Scripts_IndiaLends.ICICI_CCGenericScript"/>
  <testcase name="CC_BasicDetailsPage" time="24.087" classname="Test_Scripts_IndiaLends.ICICI_CCGenericScript"/>
  <testcase name="CC_Eligibility_check" time="20.331" classname="Test_Scripts_IndiaLends.ICICI_CCGenericScript"/>
</testsuite> <!-- Test_Scripts_IndiaLends.ICICI_CCGenericScript -->
