<?xml version="1.0" encoding="UTF-8"?>
<!-- Generated by org.testng.reporters.JUnitReportReporter -->
<testsuite hostname="Ravindrakumar-PC" name="Test_Scripts_IndiaLends.CC_CITILenderScript" tests="4" failures="0" timestamp="26 Dec 2019 14:00:15 GMT" time="85.001" errors="0">
  <testcase name="CC_Eligibility_check" time="25.991" classname="Test_Scripts_IndiaLends.CC_CITILenderScript"/>
  <testcase name="CC_general_information" time="8.886" classname="Test_Scripts_IndiaLends.CC_CITILenderScript"/>
  <testcase name="CC_BasicDetailsPage" time="40.530" classname="Test_Scripts_IndiaLends.CC_CITILenderScript"/>
  <testcase name="CC_contact_Details" time="9.594" classname="Test_Scripts_IndiaLends.CC_CITILenderScript"/>
</testsuite> <!-- Test_Scripts_IndiaLends.CC_CITILenderScript -->
