<?xml version="1.0" encoding="UTF-8"?>
<!-- Generated by org.testng.reporters.JUnitReportReporter -->
<testsuite hostname="Ravindrakumar-PC" name="Test_Scripts_IndiaLends.New_CR_Script" tests="1" failures="0" timestamp="27 Dec 2019 07:45:24 GMT" time="26.756" errors="0">
  <testcase name="VerifyCRBasicDetails" time="26.756" classname="Test_Scripts_IndiaLends.New_CR_Script"/>
</testsuite> <!-- Test_Scripts_IndiaLends.New_CR_Script -->
