<?xml version="1.0" encoding="UTF-8"?>
<!-- Generated by org.testng.reporters.JUnitReportReporter -->
<testsuite hostname="Ravindrakumar-PC" name="Test_Scripts_IndiaLends.CC_HDFCGenericScript" tests="4" failures="0" timestamp="3 Dec 2019 09:48:35 GMT" time="84.865" errors="0">
  <testcase name="CC_Eligibility_check" time="29.517" classname="Test_Scripts_IndiaLends.CC_HDFCGenericScript"/>
  <testcase name="CC_BasicDetailsPage" time="30.463" classname="Test_Scripts_IndiaLends.CC_HDFCGenericScript"/>
  <testcase name="CC_contact_Details" time="17.205" classname="Test_Scripts_IndiaLends.CC_HDFCGenericScript"/>
  <testcase name="CC_general_information" time="7.680" classname="Test_Scripts_IndiaLends.CC_HDFCGenericScript"/>
</testsuite> <!-- Test_Scripts_IndiaLends.CC_HDFCGenericScript -->
