<?xml version="1.0" encoding="UTF-8"?>
<!-- Generated by org.testng.reporters.JUnitReportReporter -->
<testsuite hostname="Ravindrakumar-PC" name="Crosssell_Test_Script.SBILender_Crosssellpage" tests="5" failures="0" timestamp="17 Sep 2019 12:44:05 GMT" time="121.184" errors="0">
  <testcase name="CC_Eligibility_check" time="21.543" classname="Crosssell_Test_Script.SBILender_Crosssellpage"/>
  <testcase name="CC_general_information" time="9.615" classname="Crosssell_Test_Script.SBILender_Crosssellpage"/>
  <testcase name="CC_BasicDetailsPage" time="57.306" classname="Crosssell_Test_Script.SBILender_Crosssellpage"/>
  <testcase name="CC_contact_Details" time="32.478" classname="Crosssell_Test_Script.SBILender_Crosssellpage"/>
  <testcase name="CC_Crosssell_Product_Details" time="0.242" classname="Crosssell_Test_Script.SBILender_Crosssellpage"/>
</testsuite> <!-- Crosssell_Test_Script.SBILender_Crosssellpage -->
