<?xml version="1.0" encoding="UTF-8"?>
<!-- Generated by org.testng.reporters.JUnitReportReporter -->
<testsuite hostname="Ravindrakumar-PC" name="Test_Scripts_IndiaLends.SBI_CCGeneric_script" tests="1" failures="0" timestamp="19 Feb 2019 05:00:07 GMT" time="38.319" errors="0">
  <testcase name="fillBasicDetailsPage" time="38.319" classname="Test_Scripts_IndiaLends.SBI_CCGeneric_script"/>
</testsuite> <!-- Test_Scripts_IndiaLends.SBI_CCGeneric_script -->
