<?xml version="1.0" encoding="UTF-8"?>
<!-- Generated by org.testng.reporters.JUnitReportReporter -->
<testsuite hostname="Ravindrakumar-PC" name="Test_Scripts_IndiaLends.PL_Script" tests="4" failures="0" timestamp="27 Dec 2019 07:46:56 GMT" time="63.150" errors="0">
  <testcase name="verifyGeneralDetails" time="4.850" classname="Test_Scripts_IndiaLends.PL_Script"/>
  <testcase name="verifyBasicDetails" time="39.019" classname="Test_Scripts_IndiaLends.PL_Script"/>
  <testcase name="verifyOfficeDetails" time="7.460" classname="Test_Scripts_IndiaLends.PL_Script"/>
  <testcase name="verifyAdditionalDetails" time="11.821" classname="Test_Scripts_IndiaLends.PL_Script"/>
</testsuite> <!-- Test_Scripts_IndiaLends.PL_Script -->
