<?xml version="1.0" encoding="UTF-8"?>
<!-- Generated by org.testng.reporters.JUnitReportReporter -->
<testsuite hostname="Ravindrakumar-PC" name="Test_Scripts_IndiaLends.CC_ICICIGenericScript" tests="4" failures="0" timestamp="3 Dec 2019 11:52:52 GMT" time="96.659" errors="0">
  <testcase name="CC_Eligibility_check" time="26.932" classname="Test_Scripts_IndiaLends.CC_ICICIGenericScript"/>
  <testcase name="CC_general_information" time="6.540" classname="Test_Scripts_IndiaLends.CC_ICICIGenericScript"/>
  <testcase name="CC_BasicDetailsPage" time="46.070" classname="Test_Scripts_IndiaLends.CC_ICICIGenericScript"/>
  <testcase name="CC_contact_Details" time="17.117" classname="Test_Scripts_IndiaLends.CC_ICICIGenericScript"/>
</testsuite> <!-- Test_Scripts_IndiaLends.CC_ICICIGenericScript -->
