<?xml version="1.0" encoding="UTF-8"?>
<!-- Generated by org.testng.reporters.JUnitReportReporter -->
<testsuite hostname="Ravindrakumar-PC" name="Test_Scripts_IndiaLends.CC_AMEXGenericScript" tests="4" failures="0" timestamp="2 Dec 2019 09:52:53 GMT" time="116.763" errors="0">
  <testcase name="CC_contact_Details" time="23.413" classname="Test_Scripts_IndiaLends.CC_AMEXGenericScript"/>
  <testcase name="CC_BasicDetailsPage" time="37.989" classname="Test_Scripts_IndiaLends.CC_AMEXGenericScript"/>
  <testcase name="CC_Eligibility_check" time="49.960" classname="Test_Scripts_IndiaLends.CC_AMEXGenericScript"/>
  <testcase name="CC_general_information" time="5.401" classname="Test_Scripts_IndiaLends.CC_AMEXGenericScript"/>
</testsuite> <!-- Test_Scripts_IndiaLends.CC_AMEXGenericScript -->
