<?xml version="1.0" encoding="UTF-8"?>
<!-- Generated by org.testng.reporters.JUnitReportReporter -->
<testsuite hostname="Ravindrakumar-PC" name="Test_Scripts_IndiaLends.CC_AmexLender_Script" tests="4" failures="0" timestamp="30 Jul 2019 11:03:58 GMT" time="75.976" errors="0">
  <testcase name="CC_Eligibility_check" time="10.070" classname="Test_Scripts_IndiaLends.CC_AmexLender_Script"/>
  <testcase name="CC_contact_Details" time="10.091" classname="Test_Scripts_IndiaLends.CC_AmexLender_Script"/>
  <testcase name="CC_BasicDetailsPage" time="45.728" classname="Test_Scripts_IndiaLends.CC_AmexLender_Script"/>
  <testcase name="CC_general_information" time="10.087" classname="Test_Scripts_IndiaLends.CC_AmexLender_Script"/>
</testsuite> <!-- Test_Scripts_IndiaLends.CC_AmexLender_Script -->
