<?xml version="1.0" encoding="UTF-8"?>
<!-- Generated by org.testng.reporters.JUnitReportReporter -->
<testsuite hostname="Ravindrakumar-PC" name="Test_Scripts_IndiaLends.CC_SBILenderScript" tests="2" failures="0" timestamp="30 Nov 2019 08:06:27 GMT" time="108.816" errors="0">
  <testcase name="CC_BasicDetailsPage" time="45.190" classname="Test_Scripts_IndiaLends.CC_SBILenderScript"/>
  <testcase name="CC_Eligibility_check" time="63.626" classname="Test_Scripts_IndiaLends.CC_SBILenderScript"/>
</testsuite> <!-- Test_Scripts_IndiaLends.CC_SBILenderScript -->
