<?xml version="1.0" encoding="UTF-8"?>
<!-- Generated by org.testng.reporters.JUnitReportReporter -->
<testsuite hostname="Ravindrakumar-PC" name="Test_Scripts_IndiaLends.CC_CITILender_Script" tests="4" failures="0" timestamp="2 Sep 2019 04:25:31 GMT" time="112.555" errors="0">
  <testcase name="CC_BasicDetailsPage" time="41.447" classname="Test_Scripts_IndiaLends.CC_CITILender_Script"/>
  <testcase name="CC_contact_Details" time="14.837" classname="Test_Scripts_IndiaLends.CC_CITILender_Script"/>
  <testcase name="CC_Eligibility_check" time="47.114" classname="Test_Scripts_IndiaLends.CC_CITILender_Script"/>
  <testcase name="CC_general_information" time="9.157" classname="Test_Scripts_IndiaLends.CC_CITILender_Script"/>
</testsuite> <!-- Test_Scripts_IndiaLends.CC_CITILender_Script -->
