<?xml version="1.0" encoding="UTF-8"?>
<!-- Generated by org.testng.reporters.JUnitReportReporter -->
<testsuite hostname="Ravindrakumar-PC" name="Test_Scripts_IndiaLends.CC_YESGenericScript" tests="4" failures="0" timestamp="3 Dec 2019 11:54:27 GMT" time="63.946" errors="0">
  <testcase name="CC_general_information" time="5.126" classname="Test_Scripts_IndiaLends.CC_YESGenericScript"/>
  <testcase name="CC_BasicDetailsPage" time="31.716" classname="Test_Scripts_IndiaLends.CC_YESGenericScript"/>
  <testcase name="CC_Eligibility_check" time="21.208" classname="Test_Scripts_IndiaLends.CC_YESGenericScript"/>
  <testcase name="CC_contact_Details" time="5.896" classname="Test_Scripts_IndiaLends.CC_YESGenericScript"/>
</testsuite> <!-- Test_Scripts_IndiaLends.CC_YESGenericScript -->
