<?xml version="1.0" encoding="UTF-8"?>
<!-- Generated by org.testng.reporters.JUnitReportReporter -->
<testsuite hostname="Ravindrakumar-PC" name="Test_Scripts_IndiaLends.CR_Script" tests="1" failures="0" timestamp="17 May 2019 13:03:56 GMT" time="101.572" errors="0">
  <testcase name="fillBasicDetailsPage" time="101.572" classname="Test_Scripts_IndiaLends.CR_Script"/>
</testsuite> <!-- Test_Scripts_IndiaLends.CR_Script -->
